The Sailor,midgaard
The Janitor,midgaard
The green enfan,enfan-city
The grey enfan,enfan-city
The grey enfan,enfan-city
The blue enfan,enfan-city
The blue enfan,enfan-city
The blue enfan,enfan-city
The yellow enfan,enfan-city
The grey enfan,enfan-city
The grey enfan,enfan-city
The blue enfan,enfan-city
The blue enfan,enfan-city
The purple enfan,enfan-city
The green enfan,enfan-city
The green enfan,enfan-city
The yellow enfan,enfan-city
The purple enfan,enfan-city
The blue enfan,enfan-city
The grey enfan,enfan-city
The purple enfan,enfan-city
The black enfan,enfan-city
The purple enfan,enfan-city
The green enfan,enfan-city
The green enfan,enfan-city
The message bot,midgaard-thief-guild
The Assassin,midgaard-thief-guild
The Knight,midgaard-warrior-guild
The Ninja Lord,midgaard-ninja-guild
Izumo No Okumi,midgaard-ninja-guild
A citizen of Midgaard,midgaard
Welmar's Ranger,midgaard
The rat,midgaard
The message bot,midgaard
The gray dwarf,great-eastern-desert
The drider,great-eastern-desert
The dracolich,great-eastern-desert
The Matron Mother,drow-city
The drow priestess,drow-city
The drow mage noble,drow-city
The drow warrior noble,drow-city
The Mercenary,midgaard
The Sailor,midgaard
The Mercenary,midgaard
The troubadour,midgaard
Welmar's Ranger,midgaard
The sentry,midgaard
The sentry,midgaard
The green enfan,enfan-city
The grey enfan,enfan-city
The grey enfan,enfan-city
The blue enfan,enfan-city
The blue enfan,enfan-city
The blue enfan,enfan-city
The blue enfan,enfan-city
The blue enfan,enfan-city
The grey enfan,enfan-city
The yellow enfan,enfan-city
The grey enfan,enfan-city
The purple enfan,enfan-city
The green enfan,enfan-city
The green enfan,enfan-city
The black enfan,enfan-city
The purple enfan,enfan-city
The green enfan,enfan-city
The green enfan,enfan-city
The yellow enfan,enfan-city
The blue enfan,enfan-city
The yellow enfan,enfan-city
The yellow enfan,enfan-city
The yellow enfan,enfan-city
The green enfan,enfan-city
The green enfan,enfan-city
The green enfan,enfan-city
The blue enfan,enfan-city
The blue enfan,enfan-city
The grey enfan,enfan-city
The green enfan,enfan-city
The grey enfan,enfan-city
The purple enfan,enfan-city
The purple enfan,enfan-city
The purple enfan,enfan-city
The purple enfan,enfan-city
The grey enfan,enfan-city
The grey enfan,enfan-city
The grey enfan,enfan-city
The grey enfan,enfan-city
The yellow enfan,enfan-city
The blue enfan,enfan-city
The blue enfan,enfan-city
The gargoyle,enfan-city
The drow priestess,drow-city
The drow mage noble,drow-city
The drow warrior noble,drow-city
The drow priestess,drow-city
The drow mage noble,drow-city
The drow warrior noble,drow-city
The Matron Mother,drow-city
The drow master,drow-city
The goblin slave,drow-city
The goblin slave,drow-city
The goblin slave,drow-city
The goblin slave,drow-city
The goblin slave,drow-city
The goblin slave,drow-city
The goblin slave,drow-city
The goblin slave,drow-city
The goblin slave,drow-city
The goblin slave,drow-city
The goblin slave,drow-city
The goblin slave,drow-city
The goblin slave,drow-city
The goblin slave,drow-city
The goblin slave,drow-city
The drow priestess,drow-city
The drow mage noble,drow-city
The drow warrior noble,drow-city
The drow warrior noble,drow-city
The drow mage noble,drow-city
The drow priestess,drow-city
The Matron Mother,drow-city
The Matron Mother,drow-city
The Matron Mother,drow-city
The drow master,drow-city
The drow master,drow-city
The Sailor,midgaard
The Mercenary,midgaard
The Mercenary,midgaard
The Drunk,midgaard
The Mercenary,midgaard
Filthy,midgaard
The Beggar,midgaard
The Beggar,midgaard
The Beggar,midgaard
Uncle Lee,midgaard
Orvin,midgaard
The Mercenary,midgaard
The AntiPaladin Guard,midgaard-antipaladin-guild
The Cityguard,midgaard-antipaladin-guild
The Assassin,midgaard-thief-guild
The rat,midgaard-warrior-guild
The Knight,midgaard-warrior-guild
The rat,midgaard-ninja-guild
The Janitor,midgaard-ninja-guild
Welmar's Ranger,midgaard-ninja-guild
The Ninja Lord,midgaard-ninja-guild
The Ninja Lord,midgaard-ninja-guild
Izumo No Okumi,midgaard-ninja-guild
The Mercenary,midgaard
The watch commander,midgaard
The green enfan,enfan-city
The grey enfan,enfan-city
The grey enfan,enfan-city
The grey enfan,enfan-city
The grey enfan,enfan-city
The blue enfan,enfan-city
The yellow enfan,enfan-city
The grey enfan,enfan-city
The yellow enfan,enfan-city
The green enfan,enfan-city
The green enfan,enfan-city
The black enfan,enfan-city
The purple enfan,enfan-city
The yellow enfan,enfan-city
The grey enfan,enfan-city
The yellow enfan,enfan-city
The green enfan,enfan-city
The green enfan,enfan-city
The purple enfan,enfan-city
The blue enfan,enfan-city
The guard dog,enfan-city
The drider,great-eastern-desert
The drider,great-eastern-desert
The dracolich,great-eastern-desert
The goblin,miden-nir
A dwarven guard,dwarven-kingdom
A wraith,dwarven-kingdom
The dwarf,dwarven-kingdom
The dwarf,dwarven-kingdom
The dwarf,dwarven-kingdom
The dwarf,dwarven-kingdom
The dwarf,dwarven-kingdom
The dwarf,dwarven-kingdom
The dwarf,dwarven-kingdom
The giant snake,dwarven-kingdom
The giant snake,dwarven-kingdom
The giant snake,dwarven-kingdom
The goblin chief,miden-nir-extension
The goblin,miden-nir
The goblin,miden-nir
An insect swarm,miden-nir-extension
A bound spirit,miden-nir-extension
A bound spirit,miden-nir-extension
Yamus, the necromancer,miden-nir-extension
Deloria,miden-nir-extension
Welmar's Ranger,midgaard
The message bot,midgaard
Welmar's Ranger,midgaard
The Black Dragon,balor
A High Priest,balor
A Priest,balor
A Priest,balor
A Priest,balor
A Priest,balor
A Priest,balor
The myconoid,great-eastern-desert
The myconoid,great-eastern-desert
The myconoid shaman,great-eastern-desert
The myconoid,great-eastern-desert
The myconoid,great-eastern-desert
The drider,great-eastern-desert
The drider,great-eastern-desert
The gray dwarf,great-eastern-desert
The gray dwarf,great-eastern-desert
The gray dwarf,great-eastern-desert
The drider,great-eastern-desert
The dracolich,great-eastern-desert
A horse,wayhouse
A horse,wayhouse
A horse,wayhouse
A horse,wayhouse
A horse,wayhouse
The stableboy,wayhouse
A farmer,wayhouse
A waitress,wayhouse
A waiter,wayhouse
A bartender,wayhouse
A farmer,wayhouse
A farmer,wayhouse
A dog,wayhouse
Desslok,wayhouse
A waiter,wayhouse
A farmer,wayhouse
A bartender,wayhouse
A bartender,wayhouse
A waitress,wayhouse
Seemie,wayhouse
Jordo,wayhouse
A farmer,wayhouse
An adventurer,wayhouse
An adventurer,wayhouse
A waitress,wayhouse
A bartender,wayhouse
A bartender,wayhouse
A chef,wayhouse
A chef,wayhouse
A chef,wayhouse
A chef,wayhouse
Koofy,wayhouse
Farlenian,wayhouse
Drogo,wayhouse
Airden the Wanderer,wayhouse
Eshiay,wayhouse
Alerka,wayhouse
The woman,wayhouse
A waitress,wayhouse
A bartender,wayhouse
Koofy,wayhouse
Farlenian,wayhouse
The guardian of the wayhouse,wayhouse
Werith,wayhouse
Zoe,wayhouse
Malsid, the vile shapeshifter,wayhouse
Grim,wayhouse
Farbekrieg the Angry,wayhouse
The sneaky looking thief,wayhouse
The dustdigger,great-eastern-desert
The Black Dragon,balor
A Priest,balor
A Priest,balor
A Priest,balor
A High Priest,balor
A Priest,balor
A Priest,balor
The green enfan,enfan-city
The gargoyle,enfan-city
The grey enfan,enfan-city
The grey enfan,enfan-city
The grey enfan,enfan-city
The grey enfan,enfan-city
The blue enfan,enfan-city
The blue enfan,enfan-city
The blue enfan,enfan-city
The blue enfan,enfan-city
The grey enfan,enfan-city
The purple enfan,enfan-city
The green enfan,enfan-city
The grey enfan,enfan-city
The blue enfan,enfan-city
The green enfan,enfan-city
The yellow enfan,enfan-city
The green enfan,enfan-city
The purple enfan,enfan-city
The green enfan,enfan-city
The blue enfan,enfan-city
The purple enfan,enfan-city
The yellow enfan,enfan-city
The grey enfan,enfan-city
The yellow enfan,enfan-city
The grey enfan,enfan-city
The purple enfan,enfan-city
The purple enfan,enfan-city
The yellow enfan,enfan-city
The green enfan,enfan-city
The blue enfan,enfan-city
The blue enfan,enfan-city
The grey enfan,enfan-city
The blue enfan,enfan-city
The yellow enfan,enfan-city
The grey enfan,enfan-city
The black enfan,enfan-city
The green enfan,enfan-city
The yellow enfan,enfan-city
The green enfan,enfan-city
The purple enfan,enfan-city
The guard dog,midgaard
The green enfan,enfan-city
A dwarven guard,dwarven-kingdom
A wraith,dwarven-kingdom
The dwarf,dwarven-kingdom
The dwarf,dwarven-kingdom
The dwarf,dwarven-kingdom
A dwarven guard,dwarven-kingdom
The giant snake,dwarven-kingdom
The mazekeeper,dwarven-kingdom
The AntiPaladin Guard,midgaard-antipaladin-guild
The Assassin,midgaard-thief-guild
The Knight,midgaard-warrior-guild
Welmar's Ranger,midgaard-warrior-guild
The message bot,midgaard-warrior-guild
Neytiri,midgaard-warrior-guild
The gray dwarf,great-eastern-desert
The gray dwarf,great-eastern-desert
The gray dwarf,great-eastern-desert
The drider,great-eastern-desert
The dracolich,great-eastern-desert
The Matron Mother,drow-city
The drow priestess,drow-city
The drow mage noble,drow-city
The drow warrior noble,drow-city
The drow master,drow-city
The Drow commoner,drow-city
The drow master,drow-city
The Drow commoner,drow-city
The Matron Mother,drow-city
The drow priestess,drow-city
The drow warrior noble,drow-city
The drow mage noble,drow-city
The Matron Mother,drow-city
The drow master,drow-city
The drow priestess,drow-city
The drow warrior noble,drow-city
The drow mage noble,drow-city
The goblin slave,drow-city
The goblin slave,drow-city
The goblin slave,drow-city
The goblin slave,drow-city
The goblin slave,drow-city
The gray dwarf,great-eastern-desert
The drider,great-eastern-desert
The drider,great-eastern-desert
The dustdigger,great-eastern-desert
The dustdigger,great-eastern-desert
The Cook,king-welmars-castle
The Chef,king-welmars-castle
Dick,king-welmars-castle
David,king-welmars-castle
The Cleaning Woman,king-welmars-castle
The Cleaning Woman,king-welmars-castle
James the Butler,king-welmars-castle
Dick,king-welmars-castle
David,king-welmars-castle
The green enfan,enfan-city
The grey enfan,enfan-city
The grey enfan,enfan-city
The grey enfan,enfan-city
The grey enfan,enfan-city
The blue enfan,enfan-city
The yellow enfan,enfan-city
The grey enfan,enfan-city
The black enfan,enfan-city
The yellow enfan,enfan-city
The green enfan,enfan-city
The purple enfan,enfan-city
The green enfan,enfan-city
The Mercenary,midgaard
Sibyl,underworld
Grief,underworld
Revenge,underworld
Discord,underworld
Old Age,underworld
Disease,underworld
War,underworld
Fear,underworld
Poverty,underworld
The Fury,underworld
The Fury,underworld
The Fury,underworld
Evil Pleasure,underworld
Evil Pleasure,underworld
Evil Pleasure,underworld
Hunger,underworld
Sleep,underworld
The green enfan,enfan-city
The gargoyle,enfan-city
The grey enfan,enfan-city
The grey enfan,enfan-city
The grey enfan,enfan-city
The grey enfan,enfan-city
The blue enfan,enfan-city
The blue enfan,enfan-city
The blue enfan,enfan-city
The blue enfan,enfan-city
The goblin chief,miden-nir-extension
An insect swarm,miden-nir-extension
A leech,miden-nir-extension
An insect swarm,miden-nir-extension
A poisonous frog,miden-nir-extension
An insect swarm,miden-nir-extension
A poisonous frog,miden-nir-extension
A poisonous frog,miden-nir-extension
The goblin chief,miden-nir-extension
The dustdigger,great-eastern-desert
The Elder Druid,haon-dor
The huge, green dragon,haon-dor
The vicious warg,haon-dor
The large, grey wolf,haon-dor
The large, grey wolf,haon-dor
A huge, ancient tree,haon-dor
A huge, ancient tree,haon-dor
A huge, ancient tree,haon-dor
A huge, ancient tree,haon-dor
The large, black wolf,haon-dor
The large, grey wolf,haon-dor
The ferocious warg,haon-dor
The large, black wolf,haon-dor
The large, grey wolf,haon-dor
A huge, ancient tree,haon-dor
The ferocious warg,haon-dor
A red supergiant,galaxy
A beautiful star,galaxy
A poor mudder,galaxy
A beautiful star,galaxy
A beautiful star,galaxy
A speedy comet,galaxy
A speedy comet,galaxy
A speedy comet,galaxy
A young nebula,galaxy
A horsehead nebula,galaxy
A young nebula,galaxy
A young nebula,galaxy
A young nebula,galaxy
The wild Pegasus,galaxy
Orion the hunter,galaxy
The mighty Hercules,galaxy
The poor, yet pretty Andromeda,galaxy
The Pleiades,galaxy
Cancer,galaxy
Aries,galaxy
Taurus,galaxy
Pollux,galaxy
Castor,galaxy
Leo,galaxy
Virgo,galaxy
Libra,galaxy
Pisces the fish,galaxy
Pisces the mermaid,galaxy
Aquarius,galaxy
Capricorn,galaxy
Sagittarius,galaxy
Scorpio,galaxy
The Mayor,midgaard
Welmar's Ranger,midgaard
The message bot,midgaard
The Matron Mother,drow-city
The drow priestess,drow-city
The drow warrior noble,drow-city
The drow mage noble,drow-city
The drow master,drow-city
The drow master,drow-city
The Matron Mother,drow-city
The goblin slave,drow-city
The goblin slave,drow-city
The goblin slave,drow-city
The goblin slave,drow-city
The goblin slave,drow-city
The goblin slave,drow-city
The goblin slave,drow-city
The goblin slave,drow-city
The goblin slave,drow-city
The goblin slave,drow-city
The goblin slave,drow-city
The goblin slave,drow-city
The goblin slave,drow-city
The goblin slave,drow-city
The goblin slave,drow-city
The weaponsmaster,drow-city
The mighty Hercules,galaxy
Aries,galaxy
Taurus,galaxy
Pollux,galaxy
Castor,galaxy
Cancer,galaxy
Leo,galaxy
Virgo,galaxy
Libra,galaxy
Scorpio,galaxy
Sagittarius,galaxy
Capricorn,galaxy
Aquarius,galaxy
Pisces the fish,galaxy
Pisces the mermaid,galaxy
The Matron Mother,drow-city
The Drow commoner,drow-city
The goblin slave,drow-city
The drow priestess,drow-city
The drow priestess,drow-city
The Drow commoner,drow-city
The drow mage noble,drow-city
The drow warrior noble,drow-city
The drow mage noble,drow-city
The drow warrior noble,drow-city
The Matron Mother,drow-city
The dracolich,great-eastern-desert
The Sailor,midgaard
Capricorn,galaxy
Libra,galaxy
Cancer,galaxy
Aries,galaxy
The poor, yet pretty Andromeda,galaxy
A baby draco,galaxy
A baby draco,galaxy
The Head of the Draco,galaxy
Cassiopeia the Queen,galaxy
Cepheus the King,galaxy
Ursa Major the bear,galaxy
Polaris, the polar star,galaxy
The green enfan,enfan-city
The grey enfan,enfan-city
The grey enfan,enfan-city
The blue enfan,enfan-city
The blue enfan,enfan-city
The grey enfan,enfan-city
The grey enfan,enfan-city
The yellow enfan,enfan-city
The black enfan,enfan-city
The green enfan,enfan-city
The green enfan,enfan-city
The purple enfan,enfan-city
The yellow enfan,enfan-city
Libra,galaxy
Aries,galaxy
Cancer,galaxy
Capricorn,galaxy
A baby draco,galaxy
A baby draco,galaxy
The Head of the Draco,galaxy
Cassiopeia the Queen,galaxy
Cepheus the King,galaxy
Ursa Major the bear,galaxy
Polaris, the polar star,galaxy
Popeye,new-thalos
