the blue enfan,,enfan-city.map
the grey enfan,,enfan-city.map
the purple enfan,,enfan-city.map
the green enfan,,enfan-city.map
the green enfan,,enfan-city.map
the purple enfan,,enfan-city.map
the black enfan,,enfan-city.map
the Assassin,,midgaard-thief-guild.map
the Knight,,midgaard-warrior-guild.map
the Ninja Lord,,midgaard-ninja-guild.map
a wooden Dynasty shield,Izumo No Okumi,midgaard-ninja-guild.map
a red silk armband,Izumo No Okumi,midgaard-ninja-guild.map
a black Shinobi Shozoku shirt,Izumo No Okumi,midgaard-ninja-guild.map
a gold Ryo coin on a rawhide string,Izumo No Okumi,midgaard-ninja-guild.map
a little pile of gold coins,a citizen of Midgaard,midgaard.map
a long sword,Welmar's Ranger,midgaard.map
the rat,,midgaard.map
a tiny pile of gold coins,the message bot,midgaard.map
the dracolich,,great-eastern-desert.map
a snake headed whip,the Matron Mother,drow-city.map
a small bright green hat,the Matron Mother,drow-city.map
a big pile of gold coins,the drow priestess,drow-city.map
the drow priestess,,drow-city.map
a big pile of gold coins,the drow mage noble,drow-city.map
a little pile of gold coins,the Mercenary,midgaard.map
a large heap of gold coins,the Sailor,midgaard.map
a little pile of gold coins,the Mercenary,midgaard.map
a little pile of gold coins,the troubadour,midgaard.map
a big pile of gold coins,Welmar's Ranger,midgaard.map
a pile of gold coins,the sentry,midgaard.map
a pile of gold coins,the sentry,midgaard.map
Sim's Pineapple Tart,Welmar's Ranger,midgaard.map
